TN:
SF:src\essence\favorite.test.ts
FNF:4
FNH:4
DA:1,68
DA:2,45
DA:3,44
DA:5,18
DA:6,22
DA:7,24
DA:8,14
DA:9,11
DA:10,22
DA:11,26
DA:12,20
DA:13,18
DA:14,2
DA:16,33
DA:17,72
DA:18,67
DA:20,54
DA:22,51
DA:23,53
DA:24,3
DA:26,59
DA:27,74
DA:28,69
DA:30,56
DA:32,52
DA:33,53
DA:34,3
DA:36,51
DA:37,49
DA:38,74
DA:40,54
DA:42,45
DA:43,3
DA:44,2
LF:45
LH:34
end_of_record
TN:
SF:src\essence\favorite.ts
FNF:2
FNH:2
DA:3,22
DA:4,16
DA:5,10
DA:6,43
DA:7,55
DA:8,45
DA:9,24
DA:10,16
DA:11,19
DA:12,65
DA:13,1
DA:14,3
DA:15,1
LF:17
LH:13
end_of_record
TN:
SF:src\essence\feed.test.ts
FNF:4
FNH:4
DA:1,68
DA:2,45
DA:3,47
DA:5,18
DA:6,22
DA:7,24
DA:8,14
DA:9,11
DA:10,22
DA:11,26
DA:12,20
DA:13,18
DA:14,2
DA:16,40
DA:17,53
DA:18,67
DA:20,61
DA:21,3
DA:23,58
DA:24,68
DA:25,65
DA:26,27
DA:27,27
DA:28,35
DA:29,22
DA:30,3
DA:32,60
DA:33,3
DA:35,79
DA:36,74
DA:37,76
DA:38,27
DA:39,27
DA:40,37
DA:41,31
DA:42,26
DA:43,3
DA:45,62
DA:46,3
DA:47,2
LF:48
LH:40
end_of_record
TN:
SF:src\essence\feed.ts
FNF:3
FNH:3
DA:3,15
DA:4,69
DA:6,27
DA:7,27
DA:8,74
DA:9,9
DA:11,52
DA:12,77
LF:14
LH:8
end_of_record
TN:
SF:src\essence\state.test.ts
FNF:2
FNH:2
DA:1,68
DA:2,45
DA:4,37
DA:5,48
DA:6,39
DA:8,40
DA:9,3
DA:10,2
LF:11
LH:8
end_of_record
TN:
SF:src\essence\state.ts
FNF:1
FNH:1
DA:39,10
DA:40,13
DA:41,16
DA:42,17
DA:43,17
DA:44,24
DA:45,25
DA:46,17
DA:47,1
LF:49
LH:9
end_of_record
